2016-01-29 16:55:17,877 monitor.py[line:35] INFO metric:counter.traffic.total,topic:flink-in,value:740
2016-01-29 16:55:17,878 monitor.py[line:35] INFO metric:counter.traffic.total,topic:alert-flink-in2,value:740
2016-01-29 17:04:16,293 monitor.py[line:35] INFO metric:counter.traffic.total,topic:flink-in,value:740
2016-01-29 17:04:16,294 monitor.py[line:35] INFO metric:counter.traffic.total,topic:alert-flink-in2,value:740
2016-01-29 17:04:21,293 monitor.py[line:35] INFO metric:counter.traffic.total,topic:flink-in,value:740
2016-01-29 17:04:21,294 monitor.py[line:35] INFO metric:counter.traffic.total,topic:alert-flink-in2,value:740
2016-01-29 17:22:21,026 monitor.py[line:35] INFO metric:counter.traffic.total,topic:flink-in,value:740
2016-01-29 17:22:21,027 monitor.py[line:35] INFO metric:counter.traffic.total,topic:alert-flink-in2,value:740
2016-01-29 17:22:54,278 monitor.py[line:35] INFO metric:counter.traffic.total,topic:flink-in,value:740
2016-01-29 17:22:54,279 monitor.py[line:43] INFO metric:counter.traffic.total.rate_send,topic:flink-in,value:0
2016-01-29 17:22:54,279 monitor.py[line:44] INFO metric:counter.traffic.total.rate,topic:flink-in,value:0.0
2016-01-29 17:22:54,279 monitor.py[line:46] INFO metric:counter.traffic.total.rate_stable,topic:flink-in,value:0.0
2016-01-29 17:22:54,279 monitor.py[line:35] INFO metric:counter.traffic.total,topic:alert-flink-in2,value:740
2016-01-29 17:22:54,279 monitor.py[line:43] INFO metric:counter.traffic.total.rate_send,topic:alert-flink-in2,value:0
2016-01-29 17:22:54,279 monitor.py[line:44] INFO metric:counter.traffic.total.rate,topic:alert-flink-in2,value:0.0
2016-01-29 17:22:54,279 monitor.py[line:46] INFO metric:counter.traffic.total.rate_stable,topic:alert-flink-in2,value:0.0
2016-01-29 17:38:06,528 monitor.py[line:36] INFO metric:counter.traffic.total,topic:flink-in,value:740
2016-01-29 17:38:06,529 monitor.py[line:36] INFO metric:counter.traffic.total,topic:alert-flink-in2,value:740
2016-01-29 17:49:28,560 monitor.py[line:36] INFO metric:counter.traffic.total,topic:flink-in,value:740
2016-01-29 17:49:28,562 monitor.py[line:36] INFO metric:counter.traffic.total,topic:alert-flink-in2,value:740
2016-01-29 17:49:33,560 monitor.py[line:36] INFO metric:counter.traffic.total,topic:flink-in,value:740
2016-01-29 17:49:33,561 monitor.py[line:36] INFO metric:counter.traffic.total,topic:alert-flink-in2,value:740
2016-01-29 17:49:38,559 monitor.py[line:36] INFO metric:counter.traffic.total,topic:alert-flink-in2,value:740
2016-01-29 17:49:38,559 monitor.py[line:36] INFO metric:counter.traffic.total,topic:flink-in,value:740
2016-01-29 17:49:43,559 monitor.py[line:36] INFO metric:counter.traffic.total,topic:flink-in,value:740
2016-01-29 17:49:43,559 monitor.py[line:36] INFO metric:counter.traffic.total,topic:alert-flink-in2,value:740
2016-01-29 17:49:48,559 monitor.py[line:36] INFO metric:counter.traffic.total,topic:alert-flink-in2,value:740
2016-01-29 17:49:48,559 monitor.py[line:36] INFO metric:counter.traffic.total,topic:flink-in,value:740
2016-01-29 17:49:53,561 monitor.py[line:36] INFO metric:counter.traffic.total,topic:flink-in,value:740
2016-01-29 17:49:53,562 monitor.py[line:36] INFO metric:counter.traffic.total,topic:alert-flink-in2,value:740
2016-01-29 17:49:58,563 monitor.py[line:36] INFO metric:counter.traffic.total,topic:flink-in,value:740
2016-01-29 17:49:58,564 monitor.py[line:36] INFO metric:counter.traffic.total,topic:alert-flink-in2,value:740
2016-01-29 17:50:03,562 monitor.py[line:36] INFO metric:counter.traffic.total,topic:flink-in,value:740
2016-01-29 17:50:03,562 monitor.py[line:36] INFO metric:counter.traffic.total,topic:alert-flink-in2,value:740
2016-01-29 17:50:08,562 monitor.py[line:36] INFO metric:counter.traffic.total,topic:alert-flink-in2,value:740
2016-01-29 17:50:08,562 monitor.py[line:36] INFO metric:counter.traffic.total,topic:flink-in,value:740
2016-01-29 17:50:13,561 monitor.py[line:36] INFO metric:counter.traffic.total,topic:flink-in,value:740
2016-01-29 17:50:13,562 monitor.py[line:36] INFO metric:counter.traffic.total,topic:alert-flink-in2,value:740
2016-01-29 17:50:18,559 monitor.py[line:36] INFO metric:counter.traffic.total,topic:flink-in,value:740
2016-01-29 17:50:18,560 monitor.py[line:36] INFO metric:counter.traffic.total,topic:alert-flink-in2,value:740
2016-01-29 17:50:23,558 monitor.py[line:36] INFO metric:counter.traffic.total,topic:flink-in,value:740
2016-01-29 17:50:23,559 monitor.py[line:36] INFO metric:counter.traffic.total,topic:alert-flink-in2,value:740
2016-01-29 17:51:13,616 monitor.py[line:36] INFO metric:counter.traffic.total,topic:flink-in,value:740
2016-01-29 17:51:13,617 monitor.py[line:44] INFO metric:counter.traffic.total.rate_send,topic:flink-in,value:0
2016-01-29 17:51:13,617 monitor.py[line:45] INFO metric:counter.traffic.total.rate,topic:flink-in,value:0.0
2016-01-29 17:51:13,617 monitor.py[line:46] INFO metric:counter.traffic.total.rate_stable,topic:flink-in,value:0.0
2016-01-29 17:51:13,617 monitor.py[line:36] INFO metric:counter.traffic.total,topic:alert-flink-in2,value:740
2016-01-29 17:51:13,617 monitor.py[line:44] INFO metric:counter.traffic.total.rate_send,topic:alert-flink-in2,value:0
2016-01-29 17:51:13,617 monitor.py[line:45] INFO metric:counter.traffic.total.rate,topic:alert-flink-in2,value:0.0
2016-01-29 17:51:13,617 monitor.py[line:46] INFO metric:counter.traffic.total.rate_stable,topic:alert-flink-in2,value:0.0
2016-01-29 17:51:18,617 monitor.py[line:36] INFO metric:counter.traffic.total,topic:flink-in,value:740
2016-01-29 17:51:18,617 monitor.py[line:44] INFO metric:counter.traffic.total.rate_send,topic:flink-in,value:0.0
2016-01-29 17:51:18,617 monitor.py[line:36] INFO metric:counter.traffic.total,topic:alert-flink-in2,value:740
2016-01-29 17:51:18,617 monitor.py[line:45] INFO metric:counter.traffic.total.rate,topic:flink-in,value:0.0
2016-01-29 17:51:18,618 monitor.py[line:44] INFO metric:counter.traffic.total.rate_send,topic:alert-flink-in2,value:0.0
2016-01-29 17:51:18,618 monitor.py[line:46] INFO metric:counter.traffic.total.rate_stable,topic:flink-in,value:0.0
2016-01-29 17:51:18,618 monitor.py[line:45] INFO metric:counter.traffic.total.rate,topic:alert-flink-in2,value:0.0
2016-01-29 17:51:18,618 monitor.py[line:46] INFO metric:counter.traffic.total.rate_stable,topic:alert-flink-in2,value:0.0
2016-01-29 17:51:23,618 monitor.py[line:36] INFO metric:counter.traffic.total,topic:flink-in,value:740
2016-01-29 17:51:23,618 monitor.py[line:36] INFO metric:counter.traffic.total,topic:alert-flink-in2,value:740
2016-01-29 17:51:23,618 monitor.py[line:44] INFO metric:counter.traffic.total.rate_send,topic:flink-in,value:0.0
2016-01-29 17:51:23,618 monitor.py[line:45] INFO metric:counter.traffic.total.rate,topic:flink-in,value:0.0
2016-01-29 17:51:23,618 monitor.py[line:44] INFO metric:counter.traffic.total.rate_send,topic:alert-flink-in2,value:0.0
2016-01-29 17:51:23,618 monitor.py[line:46] INFO metric:counter.traffic.total.rate_stable,topic:flink-in,value:0.0
2016-01-29 17:51:23,618 monitor.py[line:45] INFO metric:counter.traffic.total.rate,topic:alert-flink-in2,value:0.0
2016-01-29 17:51:23,618 monitor.py[line:46] INFO metric:counter.traffic.total.rate_stable,topic:alert-flink-in2,value:0.0
2016-01-29 17:51:28,617 monitor.py[line:36] INFO metric:counter.traffic.total,topic:flink-in,value:740
2016-01-29 17:51:28,617 monitor.py[line:36] INFO metric:counter.traffic.total,topic:alert-flink-in2,value:740
2016-01-29 17:51:28,617 monitor.py[line:44] INFO metric:counter.traffic.total.rate_send,topic:flink-in,value:0.0
2016-01-29 17:51:28,617 monitor.py[line:44] INFO metric:counter.traffic.total.rate_send,topic:alert-flink-in2,value:0.0
2016-01-29 17:51:28,617 monitor.py[line:45] INFO metric:counter.traffic.total.rate,topic:flink-in,value:0.0
2016-01-29 17:51:28,617 monitor.py[line:45] INFO metric:counter.traffic.total.rate,topic:alert-flink-in2,value:0.0
2016-01-29 17:51:28,617 monitor.py[line:46] INFO metric:counter.traffic.total.rate_stable,topic:flink-in,value:0.0
2016-01-29 17:51:28,617 monitor.py[line:46] INFO metric:counter.traffic.total.rate_stable,topic:alert-flink-in2,value:0.0
2016-01-29 17:51:33,618 monitor.py[line:36] INFO metric:counter.traffic.total,topic:flink-in,value:740
2016-01-29 17:51:33,618 monitor.py[line:44] INFO metric:counter.traffic.total.rate_send,topic:flink-in,value:0.0
2016-01-29 17:51:33,619 monitor.py[line:45] INFO metric:counter.traffic.total.rate,topic:flink-in,value:0.0
2016-01-29 17:51:33,619 monitor.py[line:36] INFO metric:counter.traffic.total,topic:alert-flink-in2,value:740
2016-01-29 17:51:33,619 monitor.py[line:46] INFO metric:counter.traffic.total.rate_stable,topic:flink-in,value:0.0
2016-01-29 17:51:33,619 monitor.py[line:44] INFO metric:counter.traffic.total.rate_send,topic:alert-flink-in2,value:0.0
2016-01-29 17:51:33,620 monitor.py[line:45] INFO metric:counter.traffic.total.rate,topic:alert-flink-in2,value:0.0
2016-01-29 17:51:33,620 monitor.py[line:46] INFO metric:counter.traffic.total.rate_stable,topic:alert-flink-in2,value:0.0
2016-01-29 17:51:38,618 monitor.py[line:36] INFO metric:counter.traffic.total,topic:flink-in,value:740
2016-01-29 17:51:38,618 monitor.py[line:44] INFO metric:counter.traffic.total.rate_send,topic:flink-in,value:0.0
2016-01-29 17:51:38,618 monitor.py[line:45] INFO metric:counter.traffic.total.rate,topic:flink-in,value:0.0
2016-01-29 17:51:38,618 monitor.py[line:46] INFO metric:counter.traffic.total.rate_stable,topic:flink-in,value:0.0
2016-01-29 17:51:38,618 monitor.py[line:36] INFO metric:counter.traffic.total,topic:alert-flink-in2,value:740
2016-01-29 17:51:38,618 monitor.py[line:44] INFO metric:counter.traffic.total.rate_send,topic:alert-flink-in2,value:0.0
2016-01-29 17:51:38,618 monitor.py[line:45] INFO metric:counter.traffic.total.rate,topic:alert-flink-in2,value:0.0
2016-01-29 17:51:38,618 monitor.py[line:46] INFO metric:counter.traffic.total.rate_stable,topic:alert-flink-in2,value:0.0
2016-01-29 17:51:43,617 monitor.py[line:36] INFO metric:counter.traffic.total,topic:alert-flink-in2,value:740
2016-01-29 17:51:43,617 monitor.py[line:44] INFO metric:counter.traffic.total.rate_send,topic:alert-flink-in2,value:0.0
2016-01-29 17:51:43,617 monitor.py[line:45] INFO metric:counter.traffic.total.rate,topic:alert-flink-in2,value:0.0
2016-01-29 17:51:43,617 monitor.py[line:36] INFO metric:counter.traffic.total,topic:flink-in,value:740
2016-01-29 17:51:43,617 monitor.py[line:46] INFO metric:counter.traffic.total.rate_stable,topic:alert-flink-in2,value:0.0
2016-01-29 17:51:43,617 monitor.py[line:44] INFO metric:counter.traffic.total.rate_send,topic:flink-in,value:0.0
2016-01-29 17:51:43,617 monitor.py[line:45] INFO metric:counter.traffic.total.rate,topic:flink-in,value:0.0
2016-01-29 17:51:43,617 monitor.py[line:46] INFO metric:counter.traffic.total.rate_stable,topic:flink-in,value:0.0
2016-01-29 17:51:48,619 monitor.py[line:36] INFO metric:counter.traffic.total,topic:flink-in,value:740
2016-01-29 17:51:48,619 monitor.py[line:36] INFO metric:counter.traffic.total,topic:alert-flink-in2,value:740
2016-01-29 17:51:48,620 monitor.py[line:44] INFO metric:counter.traffic.total.rate_send,topic:flink-in,value:0.0
2016-01-29 17:51:48,620 monitor.py[line:45] INFO metric:counter.traffic.total.rate,topic:flink-in,value:0.0
2016-01-29 17:51:48,620 monitor.py[line:44] INFO metric:counter.traffic.total.rate_send,topic:alert-flink-in2,value:0.0
2016-01-29 17:51:48,620 monitor.py[line:46] INFO metric:counter.traffic.total.rate_stable,topic:flink-in,value:0.0
2016-01-29 17:51:48,620 monitor.py[line:45] INFO metric:counter.traffic.total.rate,topic:alert-flink-in2,value:0.0
2016-01-29 17:51:48,621 monitor.py[line:46] INFO metric:counter.traffic.total.rate_stable,topic:alert-flink-in2,value:0.0
2016-01-29 17:51:53,619 monitor.py[line:36] INFO metric:counter.traffic.total,topic:flink-in,value:740
2016-01-29 17:51:53,619 monitor.py[line:36] INFO metric:counter.traffic.total,topic:alert-flink-in2,value:740
2016-01-29 17:51:53,619 monitor.py[line:44] INFO metric:counter.traffic.total.rate_send,topic:flink-in,value:0.0
2016-01-29 17:51:53,620 monitor.py[line:44] INFO metric:counter.traffic.total.rate_send,topic:alert-flink-in2,value:0.0
2016-01-29 17:51:53,620 monitor.py[line:45] INFO metric:counter.traffic.total.rate,topic:flink-in,value:0.0
2016-01-29 17:51:53,620 monitor.py[line:45] INFO metric:counter.traffic.total.rate,topic:alert-flink-in2,value:0.0
2016-01-29 17:51:53,620 monitor.py[line:46] INFO metric:counter.traffic.total.rate_stable,topic:flink-in,value:0.0
2016-01-29 17:51:53,620 monitor.py[line:46] INFO metric:counter.traffic.total.rate_stable,topic:alert-flink-in2,value:0.0
2016-01-29 17:57:02,430 monitor.py[line:36] INFO metric:counter.traffic.total,topic:flink-in,value:740
2016-01-29 17:57:02,431 monitor.py[line:36] INFO metric:counter.traffic.total,topic:alert-flink-in2,value:740
2016-01-29 17:57:02,431 monitor.py[line:44] INFO metric:counter.traffic.total.rate_send,topic:flink-in,value:0
2016-01-29 17:57:02,431 monitor.py[line:45] INFO metric:counter.traffic.total.rate,topic:flink-in,value:0.0
2016-01-29 17:57:02,432 monitor.py[line:44] INFO metric:counter.traffic.total.rate_send,topic:alert-flink-in2,value:0
2016-01-29 17:57:02,432 monitor.py[line:46] INFO metric:counter.traffic.total.rate_stable,topic:flink-in,value:0.0
2016-01-29 17:57:02,432 monitor.py[line:45] INFO metric:counter.traffic.total.rate,topic:alert-flink-in2,value:0.0
2016-01-29 17:57:02,432 monitor.py[line:46] INFO metric:counter.traffic.total.rate_stable,topic:alert-flink-in2,value:0.0
2016-01-29 17:57:34,244 monitor.py[line:36] INFO metric:counter.traffic.total,topic:flink-in,value:740
2016-01-29 17:57:34,245 monitor.py[line:36] INFO metric:counter.traffic.total,topic:alert-flink-in2,value:740
2016-01-29 17:57:55,463 monitor.py[line:36] INFO metric:counter.traffic.total,topic:flink-in,value:740
2016-01-29 17:57:55,466 monitor.py[line:36] INFO metric:counter.traffic.total,topic:alert-flink-in2,value:740
2016-01-29 17:58:00,468 monitor.py[line:36] INFO metric:counter.traffic.total,topic:flink-in,value:740
2016-01-29 17:58:00,469 monitor.py[line:36] INFO metric:counter.traffic.total,topic:alert-flink-in2,value:740
2016-01-29 17:58:05,476 monitor.py[line:36] INFO metric:counter.traffic.total,topic:flink-in,value:740
2016-01-29 17:58:05,479 monitor.py[line:36] INFO metric:counter.traffic.total,topic:alert-flink-in2,value:740
